sample.interval=20000
.Fortran lm.fit FUN lapply sapply replicate 
lm.fit FUN lapply sapply replicate 
colnames lm.fit FUN lapply sapply replicate 
lm.fit FUN lapply sapply replicate 
structure lm.fit FUN lapply sapply replicate 
structure lm.fit FUN lapply sapply replicate 
lm.fit FUN lapply sapply replicate 
- lm.fit FUN lapply sapply replicate 
names structure lm.fit FUN lapply sapply replicate 
nrow lm.fit FUN lapply sapply replicate 
lm.fit FUN lapply sapply replicate 
c lm.fit FUN lapply sapply replicate 
lm.fit FUN lapply sapply replicate 
lm.fit FUN lapply sapply replicate 
lm.fit FUN lapply sapply replicate 
attributes<- structure lm.fit FUN lapply sapply replicate 
dimnames<- colnames<- lm.fit FUN lapply sapply replicate 
lm.fit FUN lapply sapply replicate 
lm.fit FUN lapply sapply replicate 
structure lm.fit FUN lapply sapply replicate 
c structure lm.fit FUN lapply sapply replicate 
match %in% structure lm.fit FUN lapply sapply replicate 
c structure lm.fit FUN lapply sapply replicate 
colnames<- lm.fit FUN lapply sapply replicate 
lm.fit FUN lapply sapply replicate 
.Fortran lm.fit FUN lapply sapply replicate 
lm.fit FUN lapply sapply replicate 
c lm.fit FUN lapply sapply replicate 
structure lm.fit FUN lapply sapply replicate 
lm.fit FUN lapply sapply replicate 
colnames<- lm.fit FUN lapply sapply replicate 
match structure lm.fit FUN lapply sapply replicate 
lm.fit FUN lapply sapply replicate 
colnames<- lm.fit FUN lapply sapply replicate 
.Fortran lm.fit FUN lapply sapply replicate 
lm.fit FUN lapply sapply replicate 
numeric mat.or.vec lm.fit FUN lapply sapply replicate 
colnames<- lm.fit FUN lapply sapply replicate 
names<- lm.fit FUN lapply sapply replicate 
integer lm.fit FUN lapply sapply replicate 
lm.fit FUN lapply sapply replicate 
lm.fit FUN lapply sapply replicate 
lm.fit FUN lapply sapply replicate 
nrow lm.fit FUN lapply sapply replicate 
match %in% structure lm.fit FUN lapply sapply replicate 
colnames lm.fit FUN lapply sapply replicate 
integer lm.fit FUN lapply sapply replicate 
lm.fit FUN lapply sapply replicate 
colnames<- lm.fit FUN lapply sapply replicate 
structure lm.fit FUN lapply sapply replicate 
! colnames lm.fit FUN lapply sapply replicate 
structure lm.fit FUN lapply sapply replicate 
.Fortran lm.fit FUN lapply sapply replicate 
c lm.fit FUN lapply sapply replicate 
c structure lm.fit FUN lapply sapply replicate 
mat.or.vec lm.fit FUN lapply sapply replicate 
structure lm.fit FUN lapply sapply replicate 
structure lm.fit FUN lapply sapply replicate 
structure lm.fit FUN lapply sapply replicate 
.Fortran lm.fit FUN lapply sapply replicate 
lm.fit FUN lapply sapply replicate 
.Fortran lm.fit FUN lapply sapply replicate 
lm.fit FUN lapply sapply replicate 
.Fortran lm.fit FUN lapply sapply replicate 
lm.fit FUN lapply sapply replicate 
lm.fit FUN lapply sapply replicate 
names<- lm.fit FUN lapply sapply replicate 
FUN lapply sapply replicate 
lm.fit FUN lapply sapply replicate 
lm.fit FUN lapply sapply replicate 
== mat.or.vec lm.fit FUN lapply sapply replicate 
.Fortran lm.fit FUN lapply sapply replicate 
nrow lm.fit FUN lapply sapply replicate 
structure lm.fit FUN lapply sapply replicate 
nrow lm.fit FUN lapply sapply replicate 
structure lm.fit FUN lapply sapply replicate 
attributes<- structure lm.fit FUN lapply sapply replicate 
inherits is.data.frame NROW lm.fit FUN lapply sapply replicate 
lm.fit FUN lapply sapply replicate 
inherits is.data.frame colnames lm.fit FUN lapply sapply replicate 
NCOL lm.fit FUN lapply sapply replicate 
structure lm.fit FUN lapply sapply replicate 
FUN lapply unlist unique simplify2array sapply replicate 
unlist as.vector simplify2array sapply replicate 
unlist as.vector simplify2array sapply replicate 
unlist as.vector simplify2array sapply replicate 
unlist as.vector simplify2array sapply replicate 
unlist as.vector simplify2array sapply replicate 
unlist as.vector simplify2array sapply replicate 
unlist as.vector simplify2array sapply replicate 
unlist as.vector simplify2array sapply replicate 
unlist as.vector simplify2array sapply replicate 
array simplify2array sapply replicate 
array simplify2array sapply replicate 
array simplify2array sapply replicate 
array simplify2array sapply replicate 
array simplify2array sapply replicate 
array simplify2array sapply replicate 
array simplify2array sapply replicate 
array simplify2array sapply replicate 
array simplify2array sapply replicate 
array simplify2array sapply replicate 
array simplify2array sapply replicate 
array simplify2array sapply replicate 
array simplify2array sapply replicate 
array simplify2array sapply replicate 
array simplify2array sapply replicate 
array simplify2array sapply replicate 
array simplify2array sapply replicate 
array simplify2array sapply replicate 
array simplify2array sapply replicate 
array simplify2array sapply replicate 
array simplify2array sapply replicate 
array simplify2array sapply replicate 
array simplify2array sapply replicate 
